FruitsClockEx/proguard.cfg
# To enable ProGuard in your project, edit project.properties
# to define the proguard.config property as described in that file.
#
# Add project specific ProGuard rules here.
# By default, the flags in this file are appended to flags specified
# in ${sdk.dir}/tools/proguard/proguard-android.txt
# You can edit the include path and order by changing the ProGuard
# include property in project.properties.
#
# For more details, see
#   http://developer.android.com/guide/developing/tools/proguard.html

# Add any project specific keep options here:

# If your project uses WebView with JS, uncomment the following
# and specify the fully qualified class name to the JavaScript interface
# class:
#-keepclassmembers class fqcn.of.javascript.interface.for.webview {
#   public *;
#}
-dontoptimize
#-dontobfuscate

#-injars      bin/classes
#-injars      libs
#-outjars     bin/classes-processed.jar
#-libraryjars /home/ybi/TOOLS/android-sdk/platforms/android-17/android.jar
-libraryjars libs/universal-image-loader-1.8.4.jar
-libraryjars libs/jackson-core-2.2.1.jar
-libraryjars libs/jackson-annotations-2.2.1.jar
-libraryjars libs/jackson-databind-2.2.1.jar
-libraryjars libs/com.android.DataFramework.jar
-libraryjars libs/android-support-v4.jar

#-libraryjars /home/ybi/TOOLS/android-sdk/platforms/android-17/android.jar
-dontwarn org.w3c.dom.bootstrap.DOMImplementationRegistry

#-dontpreverify
#-dontobfuscate

-repackageclasses ''
-allowaccessmodification
-optimizations !code/simplification/arithmetic
-keepattributes Signature,*Annotation*,EnclosingMethod

-dontskipnonpubliclibraryclassmembers

-keep public class com.ybi.** {
  public void set*(***);
  public *** get*();
} 


-keepnames class com.fasterxml.jackson.** { *; } 
-dontwarn com.fasterxml.jackson.databind.**

-keep public class * extends android.app.Activity
-keep public class * extends android.app.Application
-keep public class * extends android.app.Service
-keep public class * extends android.content.BroadcastReceiver
-keep public class * extends android.content.ContentProvider

-keep public class * extends android.view.View {
    public <init>(android.content.Context);
    public <init>(android.content.Context, android.util.AttributeSet);
    public <init>(android.content.Context, android.util.AttributeSet, int);
    public void set*(...);
}

-keepclasseswithmembers class * {
    public <init>(android.content.Context, android.util.AttributeSet);
}

-keepclasseswithmembers class * {
    public <init>(android.content.Context, android.util.AttributeSet, int);
}

-keepclassmembers class * extends android.content.Context {
   public void *(android.view.View);
   public void *(android.view.MenuItem);
}

-keepclassmembers class * implements android.os.Parcelable {
    static android.os.Parcelable$Creator CREATOR;
}

-keepclassmembers class **.R$* {
    public static <fields>;
}

-keepclassmembers enum * {    
	public static **[] values();    
	public static ** valueOf(java.lang.String); 
}