FruitsClockEx/proguard/mapping.txt
com.fasterxml.jackson.databind.deser.impl.ObjectIdReader -> ev:
    com.fasterxml.jackson.databind.JavaType idType -> a
    java.lang.String propertyName -> b
    com.fasterxml.jackson.annotation.ObjectIdGenerator generator -> c
    com.fasterxml.jackson.databind.JsonDeserializer deserializer -> d
    com.fasterxml.jackson.databind.deser.SettableBeanProperty idProperty -> e
    com.fasterxml.jackson.databind.deser.impl.ObjectIdReader construct(com.fasterxml.jackson.databind.JavaType,java.lang.String,com.fasterxml.jackson.annotation.ObjectIdGenerator,com.fasterxml.jackson.databind.JsonDeserializer,com.fasterxml.jackson.databind.deser.SettableBeanProperty) -> a
com.fasterxml.jackson.databind.deser.impl.ObjectIdValueProperty -> ew:
    com.fasterxml.jackson.databind.deser.impl.ObjectIdReader _objectIdReader -> d
    com.fasterxml.jackson.databind.introspect.AnnotatedMember getMember() -> a
    void deserializeAndSet(com.fasterxml.jackson.core.JsonParser,com.fasterxml.jackson.databind.DeserializationContext,java.lang.Object) -> a
    java.lang.Object deserializeSetAndReturn(com.fasterxml.jackson.core.JsonParser,com.fasterxml.jackson.databind.DeserializationContext,java.lang.Object) -> b
    void set(java.lang.Object,java.lang.Object) -> a
    java.lang.Object setAndReturn(java.lang.Object,java.lang.Object) -> b
    com.fasterxml.jackson.databind.deser.SettableBeanProperty withName(java.lang.String) -> a
    com.fasterxml.jackson.databind.deser.SettableBeanProperty withValueDeserializer(com.fasterxml.jackson.databind.JsonDeserializer) -> b
com.fasterxml.jackson.databind.deser.impl.PropertyBasedCreator -> ex:
    com.fasterxml.jackson.databind.deser.ValueInstantiator _valueInstantiator -> a
    java.util.HashMap _properties -> b
    int _propertyCount -> c
    java.lang.Object[] _defaultValues -> d
    com.fasterxml.jackson.databind.deser.SettableBeanProperty[] _propertiesWithInjectables -> e
    com.fasterxml.jackson.databind.deser.impl.PropertyBasedCreator construct(com.fasterxml.jackson.databind.DeserializationContext,com.fasterxml.jackson.databind.deser.ValueInstantiator,com.fasterxml.jackson.databind.deser.SettableBeanProperty[]) -> a
    java.util.Collection properties() -> a
    com.fasterxml.jackson.databind.deser.SettableBeanProperty findCreatorProperty(java.lang.String) -> a
    com.fasterxml.jackson.databind.deser.impl.PropertyValueBuffer startBuilding(com.fasterxml.jackson.core.JsonParser,com.fasterxml.jackson.databind.DeserializationContext,com.fasterxml.jackson.databind.deser.impl.ObjectIdReader) -> a
    java.lang.Object build(com.fasterxml.jackson.databind.DeserializationContext,com.fasterxml.jackson.databind.deser.impl.PropertyValueBuffer) -> a
com.fasterxml.jackson.databind.deser.impl.PropertyBasedObjectIdGenerator -> ey:
    com.fasterxml.jackson.annotation.ObjectIdGenerator forScope(java.lang.Class) -> a
    com.fasterxml.jackson.annotation.ObjectIdGenerator$IdKey key(java.lang.Object) -> a
com.fasterxml.jackson.databind.deser.impl.PropertyValue$Any -> ez:
    com.fasterxml.jackson.databind.deser.SettableAnyProperty _property -> c
    java.lang.String _propertyName -> d
    void assign(java.lang.Object) -> a
com.fasterxml.jackson.databind.deser.impl.PropertyValue$Map -> eA:
    java.lang.Object _key -> c
    void assign(java.lang.Object) -> a
com.fasterxml.jackson.databind.deser.impl.PropertyValue$Regular -> eB:
    com.fasterxml.jackson.databind.deser.SettableBeanProperty _property -> c
    void assign(java.lang.Object) -> a