FruitsClockEx/proguard/usage.txt
com.fasterxml.jackson.databind.jsontype.TypeResolverBuilder:
    public abstract com.fasterxml.jackson.databind.jsontype.TypeSerializer buildTypeSerializer(com.fasterxml.jackson.databind.SerializationConfig,com.fasterxml.jackson.databind.JavaType,java.util.Collection)
com.fasterxml.jackson.databind.jsontype.TypeSerializer
com.fasterxml.jackson.databind.jsontype.impl.AsArrayTypeDeserializer:
    private static final long serialVersionUID
com.fasterxml.jackson.databind.jsontype.impl.AsArrayTypeSerializer
com.fasterxml.jackson.databind.jsontype.impl.AsExternalTypeDeserializer:
    private static final long serialVersionUID
com.fasterxml.jackson.databind.jsontype.impl.AsExternalTypeSerializer
com.fasterxml.jackson.databind.jsontype.impl.AsPropertyTypeDeserializer:
    private static final long serialVersionUID
com.fasterxml.jackson.databind.jsontype.impl.AsPropertyTypeSerializer
com.fasterxml.jackson.databind.jsontype.impl.AsWrapperTypeDeserializer:
    private static final long serialVersionUID
com.fasterxml.jackson.databind.jsontype.impl.AsWrapperTypeSerializer
com.fasterxml.jackson.databind.jsontype.impl.ClassNameIdResolver:
    24:24:public com.fasterxml.jackson.annotation.JsonTypeInfo$Id getMechanism()
    28:28:public void registerSubtype(java.lang.Class,java.lang.String)
    32:32:public java.lang.String idFromValue(java.lang.Object)
com.fasterxml.jackson.databind.jsontype.impl.FailingDeserializer:
    private static final long serialVersionUID
com.fasterxml.jackson.databind.jsontype.impl.MinimalClassNameIdResolver:
    38:38:public com.fasterxml.jackson.annotation.JsonTypeInfo$Id getMechanism()
    43:48:public java.lang.String idFromValue(java.lang.Object)
com.fasterxml.jackson.databind.jsontype.impl.StdSubtypeResolver:
    private static final long serialVersionUID
    34:40:public varargs void registerSubtypes(com.fasterxml.jackson.databind.jsontype.NamedType[])
    45:50:public varargs void registerSubtypes(java.lang.Class[])
    60:60:public java.util.Collection collectAndResolveSubtypes(com.fasterxml.jackson.databind.introspect.AnnotatedMember,com.fasterxml.jackson.databind.cfg.MapperConfig,com.fasterxml.jackson.databind.AnnotationIntrospector)
com.fasterxml.jackson.databind.jsontype.impl.StdTypeResolverBuilder:
    75:91:public com.fasterxml.jackson.databind.jsontype.TypeSerializer buildTypeSerializer(com.fasterxml.jackson.databind.SerializationConfig,com.fasterxml.jackson.databind.JavaType,java.util.Collection)
    171:171:public java.lang.String getTypeProperty()
    178:178:public boolean isTypeIdVisible()
com.fasterxml.jackson.databind.jsontype.impl.TypeDeserializerBase:
    private static final long serialVersionUID
    public abstract com.fasterxml.jackson.databind.jsontype.TypeDeserializer forProperty(com.fasterxml.jackson.databind.BeanProperty)
    public abstract com.fasterxml.jackson.annotation.JsonTypeInfo$As getTypeInclusion()
com.fasterxml.jackson.databind.jsontype.impl.TypeNameIdResolver:
    80:80:public com.fasterxml.jackson.annotation.JsonTypeInfo$Id getMechanism()
com.fasterxml.jackson.databind.jsontype.impl.TypeSerializerBase
com.fasterxml.jackson.databind.module.SimpleAbstractTypeResolver
com.fasterxml.jackson.databind.module.SimpleDeserializers
com.fasterxml.jackson.databind.module.SimpleKeyDeserializers
com.fasterxml.jackson.databind.module.SimpleModule
com.fasterxml.jackson.databind.module.SimpleSerializers
com.fasterxml.jackson.databind.module.SimpleValueInstantiators